<?xml version="1.0" encoding="UTF-8"?>
<testsuite name="com.gradle.StudentTest" tests="1" skipped="0" failures="0" errors="0" timestamp="2022-08-25T08:25:05" hostname="BS-987" time="0.014">
  <properties/>
  <testcase name="getAge()" classname="com.gradle.StudentTest" time="0.014"/>
  <system-out><![CDATA[]]></system-out>
  <system-err><![CDATA[]]></system-err>
</testsuite>
